<?xml version="1.0" encoding="UTF-8"?>
<!-- Generated by org.testng.reporters.JUnitXMLReporter -->
<testsuite ignored="0" hostname="Bakhtiyoris-MBP" failures="0" tests="3" name="Default test" time="76.268" errors="0" timestamp="2023-04-03T18:41:30 EDT">
  <testcase classname="testng.SalesForce" name="SalesForceUrl" time="16.031"/>
  <testcase classname="testng.SalesForce" name="SalesForceLogin" time="30.332"/>
  <testcase classname="testng.SalesForce" name="SalesForceLLoginNegativeTest" time="29.78"/>
</testsuite> <!-- Default test -->
