<?xml version="1.0" encoding="UTF-8"?>
<testng-results ignored="0" total="3" passed="3" failed="0" skipped="0">
  <reporter-output>
  </reporter-output>
  <suite started-at="2023-04-03T18:40:13 EDT" name="Default suite" finished-at="2023-04-03T18:41:29 EDT" duration-ms="76268">
    <groups>
    </groups>
    <test started-at="2023-04-03T18:40:13 EDT" name="Default test" finished-at="2023-04-03T18:41:29 EDT" duration-ms="76268">
      <class name="testng.SalesForce">
        <test-method signature="SalesForceUrl()[pri:0, instance:testng.SalesForce@7ea9e1e2]" started-at="2023-04-03T18:40:13 EDT" name="SalesForceUrl" finished-at="2023-04-03T18:40:29 EDT" duration-ms="16031" status="PASS">
          <reporter-output>
          </reporter-output>
        </test-method> <!-- SalesForceUrl -->
        <test-method signature="SalesForceLogin()[pri:0, instance:testng.SalesForce@7ea9e1e2]" started-at="2023-04-03T18:40:29 EDT" name="SalesForceLogin" finished-at="2023-04-03T18:41:00 EDT" depends-on-methods="testng.SalesForce.SalesForceUrl" duration-ms="30332" status="PASS">
          <reporter-output>
          </reporter-output>
        </test-method> <!-- SalesForceLogin -->
        <test-method signature="SalesForceLLoginNegativeTest()[pri:0, instance:testng.SalesForce@7ea9e1e2]" started-at="2023-04-03T18:41:00 EDT" name="SalesForceLLoginNegativeTest" finished-at="2023-04-03T18:41:29 EDT" depends-on-methods="testng.SalesForce.SalesForceLogin" duration-ms="29780" status="PASS">
          <reporter-output>
          </reporter-output>
        </test-method> <!-- SalesForceLLoginNegativeTest -->
      </class> <!-- testng.SalesForce -->
    </test> <!-- Default test -->
  </suite> <!-- Default suite -->
</testng-results>
